<?xml version="1.0" encoding="UTF-8"?>
<testsuite xmlns:xsi="http://www.w3.org/2001/XMLSchema-instance" xsi:noNamespaceSchemaLocation="https://maven.apache.org/surefire/maven-surefire-plugin/xsd/surefire-test-report.xsd" version="3.0.2" name="TestSuite" time="58.463" tests="7" errors="0" skipped="0" failures="2">
  <properties>
[...]
</properties>
  <testcase name="verify_account_registration" classname="testCases.TC001_AccountRegistrationTest" time="6.203">
    <system-out><![CDATA[18:16:29.932 [TestNG-tests-1] INFO  testCases.TC001_AccountRegistrationTest - *****starting TC001_account registration*****
18:16:33.179 [TestNG-tests-1] INFO  testCases.TC001_AccountRegistrationTest - clicked on myAccount link..
18:16:33.965 [TestNG-tests-1] INFO  testCases.TC001_AccountRegistrationTest - clicked on register link..
18:16:33.968 [TestNG-tests-1] INFO  testCases.TC001_AccountRegistrationTest - providing customer details..
18:16:36.033 [TestNG-tests-1] INFO  testCases.TC001_AccountRegistrationTest - Validating expected msg..
18:16:36.115 [TestNG-tests-1] INFO  testCases.TC001_AccountRegistrationTest - *****finished TC001_account registration*****
]]></system-out>
    <system-err><![CDATA[Sep 12, 2025 6:16:25 PM org.openqa.selenium.remote.tracing.opentelemetry.OpenTelemetryTracer createTracer
INFO: Using OpenTelemetry for tracing
]]></system-err>
  </testcase>
  <testcase name="verifyLoginTest" classname="testCases.TCOO2_LoginTest" time="1.852">
    <system-out><![CDATA[18:16:37.998 [TestNG-tests-1] INFO  testCases.TCOO2_LoginTest - *****starting TC002_login test*****
18:16:39.848 [TestNG-tests-1] INFO  testCases.TCOO2_LoginTest - *****finished TC002_login test*****
]]></system-out>
  </testcase>
  <testcase name="verify_loginDDT[ayeshapathan265@gmail.com, Test@1234, Valid](1)" classname="testCases.TC003_loginDDT" time="11.912">
    <failure message="expected [true] but found [false]" type="java.lang.AssertionError"><![CDATA[java.lang.AssertionError: expected [true] but found [false]
	at org.testng.Assert.fail(Assert.java:111)
	at org.testng.Assert.failNotEquals(Assert.java:1578)
	at org.testng.Assert.assertTrue(Assert.java:57)
	at org.testng.Assert.assertTrue(Assert.java:67)
	at testCases.TC003_loginDDT.verify_loginDDT(TC003_loginDDT.java:41)
	at java.base/jdk.internal.reflect.NativeMethodAccessorImpl.invoke0(Native Method)
	at java.base/jdk.internal.reflect.NativeMethodAccessorImpl.invoke(NativeMethodAccessorImpl.java:62)
	at java.base/jdk.internal.reflect.DelegatingMethodAccessorImpl.invoke(DelegatingMethodAccessorImpl.java:43)
	at java.base/java.lang.reflect.Method.invoke(Method.java:566)
	at org.testng.internal.invokers.MethodInvocationHelper.invokeMethod(MethodInvocationHelper.java:139)
	at org.testng.internal.invokers.TestInvoker.invokeMethod(TestInvoker.java:664)
	at org.testng.internal.invokers.TestInvoker.invokeTestMethod(TestInvoker.java:228)
	at org.testng.internal.invokers.MethodRunner.runInSequence(MethodRunner.java:63)
	at org.testng.internal.invokers.TestInvoker$MethodInvocationAgent.invoke(TestInvoker.java:961)
	at org.testng.internal.invokers.TestInvoker.invokeTestMethods(TestInvoker.java:201)
	at org.testng.internal.invokers.TestMethodWorker.invokeTestMethods(TestMethodWorker.java:148)
	at org.testng.internal.invokers.TestMethodWorker.run(TestMethodWorker.java:128)
	at java.base/java.util.ArrayList.forEach(ArrayList.java:1541)
	at org.testng.TestRunner.privateRun(TestRunner.java:819)
	at org.testng.TestRunner.run(TestRunner.java:619)
	at org.testng.SuiteRunner.runTest(SuiteRunner.java:443)
	at org.testng.SuiteRunner$SuiteWorker.run(SuiteRunner.java:481)
	at org.testng.internal.thread.ThreadUtil.lambda$execute$0(ThreadUtil.java:58)
	at java.base/java.util.concurrent.FutureTask.run(FutureTask.java:264)
	at java.base/java.util.concurrent.ThreadPoolExecutor.runWorker(ThreadPoolExecutor.java:1128)
	at java.base/java.util.concurrent.ThreadPoolExecutor$Worker.run(ThreadPoolExecutor.java:628)
	at java.base/java.lang.Thread.run(Thread.java:834)
]]></failure>
    <system-out><![CDATA[18:16:42.895 [TestNG-tests-1] INFO  testCases.TC003_loginDDT - *****starting TC003_loginDDT test*****
]]></system-out>
  </testcase>
  <testcase name="verify_loginDDT[laks@yahoo.com, xyz, invalid](2)" classname="testCases.TC003_loginDDT" time="11.658">
    <system-out><![CDATA[18:16:54.807 [TestNG-tests-1] INFO  testCases.TC003_loginDDT - *****starting TC003_loginDDT test*****
18:17:06.462 [TestNG-tests-1] INFO  testCases.TC003_loginDDT - *****finished TC003_loginDDT test*****
]]></system-out>
  </testcase>
  <testcase name="verify_loginDDT[abc123@gmail.com, test@123, valid](3)" classname="testCases.TC003_loginDDT" time="2.24">
    <system-out><![CDATA[18:17:06.465 [TestNG-tests-1] INFO  testCases.TC003_loginDDT - *****starting TC003_loginDDT test*****
18:17:08.703 [TestNG-tests-1] INFO  testCases.TC003_loginDDT - *****finished TC003_loginDDT test*****
]]></system-out>
  </testcase>
  <testcase name="verify_loginDDT[lakhshmi@gmail.com, laxmi, invalid](4)" classname="testCases.TC003_loginDDT" time="11.557">
    <system-out><![CDATA[18:17:08.705 [TestNG-tests-1] INFO  testCases.TC003_loginDDT - *****starting TC003_loginDDT test*****
18:17:20.262 [TestNG-tests-1] INFO  testCases.TC003_loginDDT - *****finished TC003_loginDDT test*****
]]></system-out>
  </testcase>
  <testcase name="verify_loginDDT[null, null, null](5)" classname="testCases.TC003_loginDDT" time="0.864">
    <failure message="null" type="java.lang.AssertionError"><![CDATA[java.lang.AssertionError: null
	at org.testng.Assert.fail(Assert.java:111)
	at org.testng.Assert.fail(Assert.java:116)
	at testCases.TC003_loginDDT.verify_loginDDT(TC003_loginDDT.java:55)
	at java.base/jdk.internal.reflect.NativeMethodAccessorImpl.invoke0(Native Method)
	at java.base/jdk.internal.reflect.NativeMethodAccessorImpl.invoke(NativeMethodAccessorImpl.java:62)
	at java.base/jdk.internal.reflect.DelegatingMethodAccessorImpl.invoke(DelegatingMethodAccessorImpl.java:43)
	at java.base/java.lang.reflect.Method.invoke(Method.java:566)
	at org.testng.internal.invokers.MethodInvocationHelper.invokeMethod(MethodInvocationHelper.java:139)
	at org.testng.internal.invokers.TestInvoker.invokeMethod(TestInvoker.java:664)
	at org.testng.internal.invokers.TestInvoker.invokeTestMethod(TestInvoker.java:228)
	at org.testng.internal.invokers.MethodRunner.runInSequence(MethodRunner.java:63)
	at org.testng.internal.invokers.TestInvoker$MethodInvocationAgent.invoke(TestInvoker.java:961)
	at org.testng.internal.invokers.TestInvoker.invokeTestMethods(TestInvoker.java:201)
	at org.testng.internal.invokers.TestMethodWorker.invokeTestMethods(TestMethodWorker.java:148)
	at org.testng.internal.invokers.TestMethodWorker.run(TestMethodWorker.java:128)
	at java.base/java.util.ArrayList.forEach(ArrayList.java:1541)
	at org.testng.TestRunner.privateRun(TestRunner.java:819)
	at org.testng.TestRunner.run(TestRunner.java:619)
	at org.testng.SuiteRunner.runTest(SuiteRunner.java:443)
	at org.testng.SuiteRunner$SuiteWorker.run(SuiteRunner.java:481)
	at org.testng.internal.thread.ThreadUtil.lambda$execute$0(ThreadUtil.java:58)
	at java.base/java.util.concurrent.FutureTask.run(FutureTask.java:264)
	at java.base/java.util.concurrent.ThreadPoolExecutor.runWorker(ThreadPoolExecutor.java:1128)
	at java.base/java.util.concurrent.ThreadPoolExecutor$Worker.run(ThreadPoolExecutor.java:628)
	at java.base/java.lang.Thread.run(Thread.java:834)
]]></failure>
    <system-out><![CDATA[18:17:20.262 [TestNG-tests-1] INFO  testCases.TC003_loginDDT - *****starting TC003_loginDDT test*****
]]></system-out>
  </testcase>
</testsuite>